# JRE version: OpenJDK Runtime Environment (8.0_202-b03) (build 1.8.0_202-release-1483-b03)
# Java VM: OpenJDK 64-Bit Server VM (25.202-b03 mixed mode windows-amd64 compressed oops)
Heap:
 PSYoungGen      total 237568K, used 233211K [0x00000000e0000000, 0x00000000f3f80000, 0x0000000100000000)
  eden space 220672K, 100% used [0x00000000e0000000,0x00000000ed780000,0x00000000ed780000)
  from space 16896K, 74% used [0x00000000ed780000,0x00000000ee3bed00,0x00000000ee800000)
  to   space 17408K, 27% used [0x00000000f2e80000,0x00000000f3340000,0x00000000f3f80000)
 ParOldGen       total 66560K, used 54043K [0x00000000a0000000, 0x00000000a4100000, 0x00000000e0000000)
  object space 66560K, 81% used [0x00000000a0000000,0x00000000a34c6fd0,0x00000000a4100000)
 Metaspace       used 80068K, capacity 83820K, committed 83928K, reserved 1122304K
  class space    used 10296K, capacity 11002K, committed 11008K, reserved 1048576K
GC Heap History (10 events):
Event: 120.220 GC heap after
Heap after GC invocations=18 (full 3):
 PSYoungGen      total 118272K, used 0K [0x00000000e0000000, 0x00000000ebd00000, 0x0000000100000000)
  eden space 105984K, 0% used [0x00000000e0000000,0x00000000e0000000,0x00000000e6780000)
  from space 12288K, 0% used [0x00000000e6780000,0x00000000e6780000,0x00000000e7380000)
  to   space 12800K, 0% used [0x00000000eb080000,0x00000000eb080000,0x00000000ebd00000)
 ParOldGen       total 66560K, used 31637K [0x00000000a0000000, 0x00000000a4100000, 0x00000000e0000000)
  object space 66560K, 47% used [0x00000000a0000000,0x00000000a1ee55f8,0x00000000a4100000)
 Metaspace       used 57589K, capacity 58968K, committed 59028K, reserved 1099776K
  class space    used 7776K, capacity 8134K, committed 8192K, reserved 1048576K
}
Event: 138.478 GC heap before
{Heap before GC invocations=19 (full 3):
 PSYoungGen      total 118272K, used 105984K [0x00000000e0000000, 0x00000000ebd00000, 0x0000000100000000)
  eden space 105984K, 100% used [0x00000000e0000000,0x00000000e6780000,0x00000000e6780000)
  from space 12288K, 0% used [0x00000000e6780000,0x00000000e6780000,0x00000000e7380000)
  to   space 12800K, 0% used [0x00000000eb080000,0x00000000eb080000,0x00000000ebd00000)
 ParOldGen       total 66560K, used 31637K [0x00000000a0000000, 0x00000000a4100000, 0x00000000e0000000)
  object space 66560K, 47% used [0x00000000a0000000,0x00000000a1ee55f8,0x00000000a4100000)
 Metaspace       used 60734K, capacity 62472K, committed 62680K, reserved 1103872K
  class space    used 8170K, capacity 8588K, committed 8704K, reserved 1048576K
Event: 138.527 GC heap after
Heap after GC invocations=19 (full 3):
 PSYoungGen      total 173568K, used 8590K [0x00000000e0000000, 0x00000000eb980000, 0x0000000100000000)
  eden space 164352K, 0% used [0x00000000e0000000,0x00000000e0000000,0x00000000ea080000)
  from space 9216K, 93% used [0x00000000eb080000,0x00000000eb8e3af0,0x00000000eb980000)
  to   space 12800K, 0% used [0x00000000ea080000,0x00000000ea080000,0x00000000ead00000)
 ParOldGen       total 66560K, used 31645K [0x00000000a0000000, 0x00000000a4100000, 0x00000000e0000000)
  object space 66560K, 47% used [0x00000000a0000000,0x00000000a1ee75f8,0x00000000a4100000)
 Metaspace       used 60734K, capacity 62472K, committed 62680K, reserved 1103872K
  class space    used 8170K, capacity 8588K, committed 8704K, reserved 1048576K
}
Event: 761.014 GC heap before
{Heap before GC invocations=20 (full 3):
 PSYoungGen      total 173568K, used 172942K [0x00000000e0000000, 0x00000000eb980000, 0x0000000100000000)
  eden space 164352K, 100% used [0x00000000e0000000,0x00000000ea080000,0x00000000ea080000)
  from space 9216K, 93% used [0x00000000eb080000,0x00000000eb8e3af0,0x00000000eb980000)
  to   space 12800K, 0% used [0x00000000ea080000,0x00000000ea080000,0x00000000ead00000)
 ParOldGen       total 66560K, used 31645K [0x00000000a0000000, 0x00000000a4100000, 0x00000000e0000000)
  object space 66560K, 47% used [0x00000000a0000000,0x00000000a1ee75f8,0x00000000a4100000)
 Metaspace       used 68393K, capacity 70758K, committed 70872K, reserved 1110016K
  class space    used 9078K, capacity 9617K, committed 9728K, reserved 1048576K
Event: 761.053 GC heap after
Heap after GC invocations=20 (full 3):
 PSYoungGen      total 177152K, used 12775K [0x00000000e0000000, 0x00000000efb80000, 0x0000000100000000)
  eden space 164352K, 0% used [0x00000000e0000000,0x00000000e0000000,0x00000000ea080000)
  from space 12800K, 99% used [0x00000000ea080000,0x00000000eacf9e40,0x00000000ead00000)
  to   space 17408K, 0% used [0x00000000eea80000,0x00000000eea80000,0x00000000efb80000)
 ParOldGen       total 66560K, used 38983K [0x00000000a0000000, 0x00000000a4100000, 0x00000000e0000000)
  object space 66560K, 58% used [0x00000000a0000000,0x00000000a2611da8,0x00000000a4100000)
 Metaspace       used 68393K, capacity 70758K, committed 70872K, reserved 1110016K
  class space    used 9078K, capacity 9617K, committed 9728K, reserved 1048576K
}
Event: 1957.048 GC heap before
{Heap before GC invocations=21 (full 3):
 PSYoungGen      total 177152K, used 177127K [0x00000000e0000000, 0x00000000efb80000, 0x0000000100000000)
  eden space 164352K, 100% used [0x00000000e0000000,0x00000000ea080000,0x00000000ea080000)
  from space 12800K, 99% used [0x00000000ea080000,0x00000000eacf9e40,0x00000000ead00000)
  to   space 17408K, 0% used [0x00000000eea80000,0x00000000eea80000,0x00000000efb80000)
 ParOldGen       total 66560K, used 38983K [0x00000000a0000000, 0x00000000a4100000, 0x00000000e0000000)
  object space 66560K, 58% used [0x00000000a0000000,0x00000000a2611da8,0x00000000a4100000)
 Metaspace       used 71405K, capacity 74330K, committed 74584K, reserved 1114112K
  class space    used 9394K, capacity 9996K, committed 10112K, reserved 1048576K
Event: 1960.537 GC heap after
Heap after GC invocations=21 (full 3):
 PSYoungGen      total 235008K, used 6126K [0x00000000e0000000, 0x00000000ef880000, 0x0000000100000000)
  eden space 220672K, 0% used [0x00000000e0000000,0x00000000e0000000,0x00000000ed780000)
  from space 14336K, 42% used [0x00000000eea80000,0x00000000ef07bb98,0x00000000ef880000)
  to   space 16896K, 0% used [0x00000000ed780000,0x00000000ed780000,0x00000000ee800000)
 ParOldGen       total 66560K, used 43715K [0x00000000a0000000, 0x00000000a4100000, 0x00000000e0000000)
  object space 66560K, 65% used [0x00000000a0000000,0x00000000a2ab0e58,0x00000000a4100000)
 Metaspace       used 71405K, capacity 74330K, committed 74584K, reserved 1114112K
  class space    used 9394K, capacity 9996K, committed 10112K, reserved 1048576K
}
Event: 2102.557 GC heap before
{Heap before GC invocations=22 (full 3):
 PSYoungGen      total 235008K, used 226798K [0x00000000e0000000, 0x00000000ef880000, 0x0000000100000000)
  eden space 220672K, 100% used [0x00000000e0000000,0x00000000ed780000,0x00000000ed780000)
  from space 14336K, 42% used [0x00000000eea80000,0x00000000ef07bb98,0x00000000ef880000)
  to   space 16896K, 0% used [0x00000000ed780000,0x00000000ed780000,0x00000000ee800000)
 ParOldGen       total 66560K, used 43715K [0x00000000a0000000, 0x00000000a4100000, 0x00000000e0000000)
  object space 66560K, 65% used [0x00000000a0000000,0x00000000a2ab0e58,0x00000000a4100000)
 Metaspace       used 78775K, capacity 82032K, committed 82264K, reserved 1120256K
  class space    used 10172K, capacity 10807K, committed 10880K, reserved 1048576K
Event: 2102.947 GC heap after
Heap after GC invocations=22 (full 3):
 PSYoungGen      total 237568K, used 12539K [0x00000000e0000000, 0x00000000f3f80000, 0x0000000100000000)
  eden space 220672K, 0% used [0x00000000e0000000,0x00000000e0000000,0x00000000ed780000)
  from space 16896K, 74% used [0x00000000ed780000,0x00000000ee3bed00,0x00000000ee800000)
  to   space 17408K, 0% used [0x00000000f2e80000,0x00000000f2e80000,0x00000000f3f80000)
 ParOldGen       total 66560K, used 47578K [0x00000000a0000000, 0x00000000a4100000, 0x00000000e0000000)
  object space 66560K, 71% used [0x00000000a0000000,0x00000000a2e76b10,0x00000000a4100000)
 Metaspace       used 78775K, capacity 82032K, committed 82264K, reserved 1120256K
  class space    used 10172K, capacity 10807K, committed 10880K, reserved 1048576K
}
Event: 2318.088 GC heap before
{Heap before GC invocations=23 (full 3):
 PSYoungGen      total 237568K, used 233211K [0x00000000e0000000, 0x00000000f3f80000, 0x0000000100000000)
  eden space 220672K, 100% used [0x00000000e0000000,0x00000000ed780000,0x00000000ed780000)
  from space 16896K, 74% used [0x00000000ed780000,0x00000000ee3bed00,0x00000000ee800000)
  to   space 17408K, 0% used [0x00000000f2e80000,0x00000000f2e80000,0x00000000f3f80000)
 ParOldGen       total 66560K, used 47578K [0x00000000a0000000, 0x00000000a4100000, 0x00000000e0000000)
  object space 66560K, 71% used [0x00000000a0000000,0x00000000a2e76b10,0x00000000a4100000)
 Metaspace       used 80068K, capacity 83820K, committed 83928K, reserved 1122304K
  class space    used 10296K, capacity 11002K, committed 11008K, reserved 1048576K

